<?xml version="1.0" encoding="UTF-8"?>
<testsuites>
  <testsuite name="" tests="1" assertions="1" errors="0" warnings="0" failures="0" skipped="0" time="1.007692">
    <testsuite name="Feature" tests="1" assertions="1" errors="0" warnings="0" failures="0" skipped="0" time="1.007692">
      <testsuite name="Tests\Feature\BookPostTest" file="/home/dolphin/Downloads/Telegram Desktop/tasks/a/example-app/tests/Feature/BookPostTest.php" tests="1" assertions="1" errors="0" warnings="0" failures="0" skipped="0" time="1.007692">
        <testcase name="testDenyGuestAccess" class="Tests\Feature\BookPostTest" classname="Tests.Feature.BookPostTest" file="/home/dolphin/Downloads/Telegram Desktop/tasks/a/example-app/tests/Feature/BookPostTest.php" line="13" assertions="1" time="1.007692"/>
      </testsuite>
    </testsuite>
  </testsuite>
</testsuites>
