<?xml version="1.0" encoding="UTF-8"?>
<testsuites>
  <testsuite name="Tests\Feature\BookListTest" file="/var/www/jbimo-a/tests/Feature/BookListTest.php" tests="1" assertions="6" errors="0" warnings="0" failures="0" skipped="0" time="1.088967">
    <testcase name="testAuthorsFilter" class="Tests\Feature\BookListTest" classname="Tests.Feature.BookListTest" file="/var/www/jbimo-a/tests/Feature/BookListTest.php" line="143" assertions="6" time="1.088967"/>
  </testsuite>
</testsuites>
