<?xml version="1.0" encoding="UTF-8"?>
<testsuites>
  <testsuite name="Tests\Feature\BookReviewTest" file="/var/www/jbimo-a/tests/Feature/BookReviewTest.php" tests="11" assertions="34" errors="0" warnings="0" failures="0" skipped="0" time="1.265476">
    <testcase name="testDenyGuestAccess" class="Tests\Feature\BookReviewTest" classname="Tests.Feature.BookReviewTest" file="/var/www/jbimo-a/tests/Feature/BookReviewTest.php" line="15" assertions="1" time="1.148610"/>
    <testcase name="testSuccessfulPost" class="Tests\Feature\BookReviewTest" classname="Tests.Feature.BookReviewTest" file="/var/www/jbimo-a/tests/Feature/BookReviewTest.php" line="27" assertions="6" time="0.018708"/>
    <testsuite name="Tests\Feature\BookReviewTest::testValidation" tests="9" assertions="27" errors="0" warnings="0" failures="0" skipped="0" time="0.098159">
      <testcase name="testValidation with data set #0" class="Tests\Feature\BookReviewTest" classname="Tests.Feature.BookReviewTest" file="/var/www/jbimo-a/tests/Feature/BookReviewTest.php" line="66" assertions="3" time="0.010490"/>
      <testcase name="testValidation with data set #1" class="Tests\Feature\BookReviewTest" classname="Tests.Feature.BookReviewTest" file="/var/www/jbimo-a/tests/Feature/BookReviewTest.php" line="66" assertions="3" time="0.011398"/>
      <testcase name="testValidation with data set #2" class="Tests\Feature\BookReviewTest" classname="Tests.Feature.BookReviewTest" file="/var/www/jbimo-a/tests/Feature/BookReviewTest.php" line="66" assertions="3" time="0.008966"/>
      <testcase name="testValidation with data set #3" class="Tests\Feature\BookReviewTest" classname="Tests.Feature.BookReviewTest" file="/var/www/jbimo-a/tests/Feature/BookReviewTest.php" line="66" assertions="3" time="0.009928"/>
      <testcase name="testValidation with data set #4" class="Tests\Feature\BookReviewTest" classname="Tests.Feature.BookReviewTest" file="/var/www/jbimo-a/tests/Feature/BookReviewTest.php" line="66" assertions="3" time="0.010081"/>
      <testcase name="testValidation with data set #5" class="Tests\Feature\BookReviewTest" classname="Tests.Feature.BookReviewTest" file="/var/www/jbimo-a/tests/Feature/BookReviewTest.php" line="66" assertions="3" time="0.010593"/>
      <testcase name="testValidation with data set #6" class="Tests\Feature\BookReviewTest" classname="Tests.Feature.BookReviewTest" file="/var/www/jbimo-a/tests/Feature/BookReviewTest.php" line="66" assertions="3" time="0.012531"/>
      <testcase name="testValidation with data set #7" class="Tests\Feature\BookReviewTest" classname="Tests.Feature.BookReviewTest" file="/var/www/jbimo-a/tests/Feature/BookReviewTest.php" line="66" assertions="3" time="0.011920"/>
      <testcase name="testValidation with data set #8" class="Tests\Feature\BookReviewTest" classname="Tests.Feature.BookReviewTest" file="/var/www/jbimo-a/tests/Feature/BookReviewTest.php" line="66" assertions="3" time="0.012252"/>
    </testsuite>
  </testsuite>
</testsuites>
