<?xml version="1.0" encoding="UTF-8"?>
<testsuites>
  <testsuite name="Tests\Feature\BookListTest" file="/var/www/jbimo-a/tests/Feature/BookListTest.php" tests="7" assertions="99" errors="0" warnings="0" failures="0" skipped="0" time="1.411353">
    <testcase name="testResponseStructure" class="Tests\Feature\BookListTest" classname="Tests.Feature.BookListTest" file="/var/www/jbimo-a/tests/Feature/BookListTest.php" line="14" assertions="76" time="1.201378"/>
    <testcase name="testListWithoutFilters" class="Tests\Feature\BookListTest" classname="Tests.Feature.BookListTest" file="/var/www/jbimo-a/tests/Feature/BookListTest.php" line="71" assertions="2" time="0.040710"/>
    <testcase name="testTitleFilter" class="Tests\Feature\BookListTest" classname="Tests.Feature.BookListTest" file="/var/www/jbimo-a/tests/Feature/BookListTest.php" line="91" assertions="4" time="0.042045"/>
    <testcase name="testAuthorsFilter" class="Tests\Feature\BookListTest" classname="Tests.Feature.BookListTest" file="/var/www/jbimo-a/tests/Feature/BookListTest.php" line="143" assertions="6" time="0.036491"/>
    <testcase name="testTitleSort" class="Tests\Feature\BookListTest" classname="Tests.Feature.BookListTest" file="/var/www/jbimo-a/tests/Feature/BookListTest.php" line="173" assertions="4" time="0.017880"/>
    <testcase name="testAvgReviewSort" class="Tests\Feature\BookListTest" classname="Tests.Feature.BookListTest" file="/var/www/jbimo-a/tests/Feature/BookListTest.php" line="191" assertions="3" time="0.020409"/>
    <testcase name="testPagination" class="Tests\Feature\BookListTest" classname="Tests.Feature.BookListTest" file="/var/www/jbimo-a/tests/Feature/BookListTest.php" line="222" assertions="4" time="0.052440"/>
  </testsuite>
</testsuites>
